-------------------------------------------------------------------------------
Test set: org.ssa.ironyard.BankTransactionServicesImplTest
-------------------------------------------------------------------------------
Tests run: 3, Failures: 0, Errors: 3, Skipped: 0, Time elapsed: 0.322 sec <<< FAILURE! - in org.ssa.ironyard.BankTransactionServicesImplTest
testDeposit(org.ssa.ironyard.BankTransactionServicesImplTest)  Time elapsed: 0.074 sec  <<< ERROR!
java.lang.RuntimeException: null
	at org.ssa.ironyard.dao.AccountDAOImpl.insert(AccountDAOImpl.java:64)
	at org.ssa.ironyard.BankTransactionServicesImplTest.setup(BankTransactionServicesImplTest.java:67)

testWithdrawl(org.ssa.ironyard.BankTransactionServicesImplTest)  Time elapsed: 0.1 sec  <<< ERROR!
java.lang.RuntimeException: null
	at org.ssa.ironyard.dao.AccountDAOImpl.insert(AccountDAOImpl.java:64)
	at org.ssa.ironyard.BankTransactionServicesImplTest.setup(BankTransactionServicesImplTest.java:67)

testTransfer(org.ssa.ironyard.BankTransactionServicesImplTest)  Time elapsed: 0.144 sec  <<< ERROR!
java.lang.RuntimeException: null
	at org.ssa.ironyard.dao.AccountDAOImpl.insert(AccountDAOImpl.java:64)
	at org.ssa.ironyard.BankTransactionServicesImplTest.setup(BankTransactionServicesImplTest.java:67)

