-------------------------------------------------------------------------------
Test set: org.ssa.ironyard.AccountDAOImplTest
-------------------------------------------------------------------------------
Tests run: 7, Failures: 0, Errors: 7, Skipped: 0, Time elapsed: 1.325 sec <<< FAILURE! - in org.ssa.ironyard.AccountDAOImplTest
testRead(org.ssa.ironyard.AccountDAOImplTest)  Time elapsed: 0.152 sec  <<< ERROR!
java.lang.RuntimeException: null
	at org.ssa.ironyard.dao.AccountDAOImpl.insert(AccountDAOImpl.java:64)
	at org.ssa.ironyard.AccountDAOImplTest.testRead(AccountDAOImplTest.java:135)

testReadType(org.ssa.ironyard.AccountDAOImplTest)  Time elapsed: 0.205 sec  <<< ERROR!
java.lang.RuntimeException: null
	at org.ssa.ironyard.dao.AccountDAOImpl.insert(AccountDAOImpl.java:64)
	at org.ssa.ironyard.AccountDAOImplTest.testReadType(AccountDAOImplTest.java:168)

testReadUser(org.ssa.ironyard.AccountDAOImplTest)  Time elapsed: 0.287 sec  <<< ERROR!
java.lang.RuntimeException: null
	at org.ssa.ironyard.dao.AccountDAOImpl.insert(AccountDAOImpl.java:64)
	at org.ssa.ironyard.AccountDAOImplTest.testReadUser(AccountDAOImplTest.java:151)

testDelete(org.ssa.ironyard.AccountDAOImplTest)  Time elapsed: 0.179 sec  <<< ERROR!
java.lang.RuntimeException: null
	at org.ssa.ironyard.dao.AccountDAOImpl.insert(AccountDAOImpl.java:64)
	at org.ssa.ironyard.AccountDAOImplTest.testDelete(AccountDAOImplTest.java:99)

testInsert(org.ssa.ironyard.AccountDAOImplTest)  Time elapsed: 0.176 sec  <<< ERROR!
java.lang.RuntimeException: null
	at org.ssa.ironyard.dao.AccountDAOImpl.insert(AccountDAOImpl.java:64)
	at org.ssa.ironyard.AccountDAOImplTest.testInsert(AccountDAOImplTest.java:63)

testUpdate(org.ssa.ironyard.AccountDAOImplTest)  Time elapsed: 0.162 sec  <<< ERROR!
java.lang.RuntimeException: null
	at org.ssa.ironyard.dao.AccountDAOImpl.insert(AccountDAOImpl.java:64)
	at org.ssa.ironyard.AccountDAOImplTest.testUpdate(AccountDAOImplTest.java:112)

testUnderwater(org.ssa.ironyard.AccountDAOImplTest)  Time elapsed: 0.16 sec  <<< ERROR!
java.lang.RuntimeException: null
	at org.ssa.ironyard.dao.AccountDAOImpl.insert(AccountDAOImpl.java:64)
	at org.ssa.ironyard.AccountDAOImplTest.testUnderwater(AccountDAOImplTest.java:182)

