-------------------------------------------------------------------------------
Test set: org.ssa.ironyard.BankAccountServicesImplTest
-------------------------------------------------------------------------------
Tests run: 6, Failures: 0, Errors: 6, Skipped: 0, Time elapsed: 0.002 sec <<< FAILURE! - in org.ssa.ironyard.BankAccountServicesImplTest
testUpdateAccount(org.ssa.ironyard.BankAccountServicesImplTest)  Time elapsed: 0 sec  <<< ERROR!
java.lang.NullPointerException: null
	at org.ssa.ironyard.BankTransactionServicesImplTest.testDeleteAll(BankTransactionServicesImplTest.java:127)
	at org.ssa.ironyard.BankAccountServicesImplTest.setup(BankAccountServicesImplTest.java:38)

testUpdateCustomer(org.ssa.ironyard.BankAccountServicesImplTest)  Time elapsed: 0 sec  <<< ERROR!
java.lang.NullPointerException: null
	at org.ssa.ironyard.BankTransactionServicesImplTest.testDeleteAll(BankTransactionServicesImplTest.java:127)
	at org.ssa.ironyard.BankAccountServicesImplTest.setup(BankAccountServicesImplTest.java:38)

testCustomerInsert(org.ssa.ironyard.BankAccountServicesImplTest)  Time elapsed: 0 sec  <<< ERROR!
java.lang.NullPointerException: null
	at org.ssa.ironyard.BankTransactionServicesImplTest.testDeleteAll(BankTransactionServicesImplTest.java:127)
	at org.ssa.ironyard.BankAccountServicesImplTest.setup(BankAccountServicesImplTest.java:38)

testDeleteAccount(org.ssa.ironyard.BankAccountServicesImplTest)  Time elapsed: 0 sec  <<< ERROR!
java.lang.NullPointerException: null
	at org.ssa.ironyard.BankTransactionServicesImplTest.testDeleteAll(BankTransactionServicesImplTest.java:127)
	at org.ssa.ironyard.BankAccountServicesImplTest.setup(BankAccountServicesImplTest.java:38)

testAccountInsert(org.ssa.ironyard.BankAccountServicesImplTest)  Time elapsed: 0 sec  <<< ERROR!
java.lang.NullPointerException: null
	at org.ssa.ironyard.BankTransactionServicesImplTest.testDeleteAll(BankTransactionServicesImplTest.java:127)
	at org.ssa.ironyard.BankAccountServicesImplTest.setup(BankAccountServicesImplTest.java:38)

testDeleteCustomer(org.ssa.ironyard.BankAccountServicesImplTest)  Time elapsed: 0 sec  <<< ERROR!
java.lang.NullPointerException: null
	at org.ssa.ironyard.BankTransactionServicesImplTest.testDeleteAll(BankTransactionServicesImplTest.java:127)
	at org.ssa.ironyard.BankAccountServicesImplTest.setup(BankAccountServicesImplTest.java:38)

