<?xml version="1.0" encoding="UTF-8"?>
<<<<<<< HEAD
<testsuite name="org.ssa.ironyard.BankAccountServicesImplTest" time="0.642" tests="6" errors="4" skipped="0" failures="0">
=======
<testsuite name="org.ssa.ironyard.BankAccountServicesImplTest" time="0.874" tests="6" errors="0" skipped="0" failures="0">
>>>>>>> dfc25fa45b49b92f9d009c4b5af6f3edce13344a
  <properties>
    <property name="java.runtime.name" value="Java(TM) SE Runtime Environment"/>
    <property name="sun.boot.library.path" value="C:\Program Files\Java\jdk1.8.0_92\jre\bin"/>
    <property name="java.vm.version" value="25.92-b14"/>
    <property name="java.vm.vendor" value="Oracle Corporation"/>
<<<<<<< HEAD
    <property name="maven.multiModuleProjectDirectory" value="C:\Users\admin\SSABank"/>
=======
    <property name="maven.multiModuleProjectDirectory" value="C:\Users\admin\workspace\SSABank"/>
>>>>>>> dfc25fa45b49b92f9d009c4b5af6f3edce13344a
    <property name="java.vendor.url" value="http://java.oracle.com/"/>
    <property name="path.separator" value=";"/>
    <property name="guice.disable.misplaced.annotation.check" value="true"/>
    <property name="java.vm.name" value="Java HotSpot(TM) 64-Bit Server VM"/>
    <property name="file.encoding.pkg" value="sun.io"/>
    <property name="user.script" value=""/>
    <property name="user.country" value="US"/>
    <property name="sun.java.launcher" value="SUN_STANDARD"/>
    <property name="sun.os.patch.level" value="Service Pack 1"/>
    <property name="java.vm.specification.name" value="Java Virtual Machine Specification"/>
<<<<<<< HEAD
    <property name="user.dir" value="C:\Users\admin\SSABank"/>
=======
    <property name="user.dir" value="C:\Users\admin\workspace\SSABank"/>
>>>>>>> dfc25fa45b49b92f9d009c4b5af6f3edce13344a
    <property name="java.runtime.version" value="1.8.0_92-b14"/>
    <property name="java.awt.graphicsenv" value="sun.awt.Win32GraphicsEnvironment"/>
    <property name="java.endorsed.dirs" value="C:\Program Files\Java\jdk1.8.0_92\jre\lib\endorsed"/>
    <property name="os.arch" value="amd64"/>
    <property name="java.io.tmpdir" value="C:\Users\admin\AppData\Local\Temp\"/>
    <property name="line.separator" value="&#10;"/>
    <property name="java.vm.specification.vendor" value="Oracle Corporation"/>
    <property name="user.variant" value=""/>
    <property name="os.name" value="Windows 7"/>
    <property name="classworlds.conf" value="C:\tools\maven\apache-maven-3.3.9-bin\apache-maven-3.3.9\bin\..\bin\m2.conf"/>
    <property name="sun.jnu.encoding" value="Cp1252"/>
<<<<<<< HEAD
    <property name="java.library.path" value="C:\Program Files\Java\jdk1.8.0_92\bin;C:\Windows\Sun\Java\bin;C:\Windows\system32;C:\Windows;C:\Program Files\Haskell\bin;C:\Program Files\Haskell Platform\8.0.1\lib\extralibs\bin;C:\Program Files\Haskell Platform\8.0.1\bin;C:\ProgramData\Oracle\Java\javapath;C:\Program Files (x86)\Intel\iCLS Client\;C:\Program Files\Intel\iCLS Client\;C:\Windows\system32;C:\Windows;C:\Windows\System32\Wbem;C:\Windows\System32\WindowsPowerShell\v1.0\;C:\Program Files\Intel\WiFi\bin\;C:\Program Files\Common Files\Intel\WirelessCommon\;C:\Program Files\Intel\Intel(R) Management Engine Components\DAL;C:\Program Files\Intel\Intel(R) Management Engine Components\IPT;C:\Program Files (x86)\Intel\Intel(R) Management Engine Components\DAL;C:\Program Files (x86)\Intel\Intel(R) Management Engine Components\IPT;C:\Program Files (x86)\Skype\Phone\;C:\Program Files\Java\jdk1.8.0_92\bin;C:\tools\tomcat\apache-tomcat-7.0.70-windows-x64\apache-tomcat-7.0.70\bin;C:\tools\maven\apache-maven-3.3.9-bin\apache-maven-3.3.9\bin;C:\Program Files\Git\cmd;C:\Program Files\TortoiseGit\bin;C:\Program Files\Haskell Platform\8.0.1\mingw\bin;C:\Users\admin\AppData\Roaming\cabal\bin;C:\Users\admin\AppData\Roaming\local\bin;C:\Program Files\Intel\WiFi\bin\;C:\Program Files\Common Files\Intel\WirelessCommon\;."/>
=======
    <property name="java.library.path" value="C:\Program Files\Java\jdk1.8.0_92\bin;C:\Windows\Sun\Java\bin;C:\Windows\system32;C:\Windows;C:\ProgramData\Oracle\Java\javapath;C:\Program Files (x86)\Intel\iCLS Client\;C:\Program Files\Intel\iCLS Client\;C:\Windows\system32;C:\Windows;C:\Windows\System32\Wbem;C:\Windows\System32\WindowsPowerShell\v1.0\;C:\Program Files\Intel\WiFi\bin\;C:\Program Files\Common Files\Intel\WirelessCommon\;C:\Program Files\Intel\Intel(R) Management Engine Components\DAL;C:\Program Files\Intel\Intel(R) Management Engine Components\IPT;C:\Program Files (x86)\Intel\Intel(R) Management Engine Components\DAL;C:\Program Files (x86)\Intel\Intel(R) Management Engine Components\IPT;C:\Program Files (x86)\Skype\Phone\;C:\Program Files\Java\jdk1.8.0_92\bin\;C:\tools\tomcat\apache-tomcat-7.0.70-windows-x64\apache-tomcat-7.0.70\bin\;C:\tools\maven\apache-maven-3.3.9-bin\apache-maven-3.3.9\bin\;C:\Program Files\Git\cmd;C:\Program Files\TortoiseGit\bin;C:\Program Files\Intel\WiFi\bin\;C:\Program Files\Common Files\Intel\WirelessCommon\;."/>
>>>>>>> dfc25fa45b49b92f9d009c4b5af6f3edce13344a
    <property name="java.specification.name" value="Java Platform API Specification"/>
    <property name="java.class.version" value="52.0"/>
    <property name="sun.management.compiler" value="HotSpot 64-Bit Tiered Compilers"/>
    <property name="os.version" value="6.1"/>
    <property name="user.home" value="C:\Users\admin"/>
    <property name="user.timezone" value="America/New_York"/>
    <property name="java.awt.printerjob" value="sun.awt.windows.WPrinterJob"/>
    <property name="java.specification.version" value="1.8"/>
    <property name="file.encoding" value="Cp1252"/>
    <property name="user.name" value="admin"/>
    <property name="java.class.path" value="C:\tools\maven\apache-maven-3.3.9-bin\apache-maven-3.3.9\bin\..\boot\plexus-classworlds-2.5.2.jar"/>
    <property name="java.vm.specification.version" value="1.8"/>
    <property name="sun.arch.data.model" value="64"/>
    <property name="java.home" value="C:\Program Files\Java\jdk1.8.0_92\jre"/>
    <property name="sun.java.command" value="org.codehaus.plexus.classworlds.launcher.Launcher package"/>
    <property name="java.specification.vendor" value="Oracle Corporation"/>
    <property name="user.language" value="en"/>
    <property name="awt.toolkit" value="sun.awt.windows.WToolkit"/>
    <property name="java.vm.info" value="mixed mode"/>
    <property name="java.version" value="1.8.0_92"/>
    <property name="java.ext.dirs" value="C:\Program Files\Java\jdk1.8.0_92\jre\lib\ext;C:\Windows\Sun\Java\lib\ext"/>
    <property name="sun.boot.class.path" value="C:\Program Files\Java\jdk1.8.0_92\jre\lib\resources.jar;C:\Program Files\Java\jdk1.8.0_92\jre\lib\rt.jar;C:\Program Files\Java\jdk1.8.0_92\jre\lib\sunrsasign.jar;C:\Program Files\Java\jdk1.8.0_92\jre\lib\jsse.jar;C:\Program Files\Java\jdk1.8.0_92\jre\lib\jce.jar;C:\Program Files\Java\jdk1.8.0_92\jre\lib\charsets.jar;C:\Program Files\Java\jdk1.8.0_92\jre\lib\jfr.jar;C:\Program Files\Java\jdk1.8.0_92\jre\classes"/>
    <property name="sun.stderr.encoding" value="cp437"/>
    <property name="java.vendor" value="Oracle Corporation"/>
    <property name="maven.home" value="C:\tools\maven\apache-maven-3.3.9-bin\apache-maven-3.3.9\bin\.."/>
    <property name="file.separator" value="\"/>
    <property name="java.vendor.url.bug" value="http://bugreport.sun.com/bugreport/"/>
    <property name="sun.cpu.endian" value="little"/>
    <property name="sun.io.unicode.encoding" value="UnicodeLittle"/>
    <property name="sun.stdout.encoding" value="cp437"/>
    <property name="sun.desktop" value="windows"/>
    <property name="sun.cpu.isalist" value="amd64"/>
  </properties>
<<<<<<< HEAD
  <testcase name="testUpdateAccount" classname="org.ssa.ironyard.BankAccountServicesImplTest" time="0.071">
    <error type="java.lang.RuntimeException:">java.lang.RuntimeException: null
	at org.ssa.ironyard.dao.AccountDAOImpl.insert(AccountDAOImpl.java:64)
	at org.ssa.ironyard.service.BankAccountServicesImpl.insertAccount(BankAccountServicesImpl.java:40)
	at org.ssa.ironyard.BankAccountServicesImplTest.testUpdateAccount(BankAccountServicesImplTest.java:117)
</error>
  </testcase>
  <testcase name="testUpdateCustomer" classname="org.ssa.ironyard.BankAccountServicesImplTest" time="0.173"/>
  <testcase name="testCustomerInsert" classname="org.ssa.ironyard.BankAccountServicesImplTest" time="0.175"/>
  <testcase name="testDeleteAccount" classname="org.ssa.ironyard.BankAccountServicesImplTest" time="0.062">
    <error type="java.lang.RuntimeException:">java.lang.RuntimeException: null
	at org.ssa.ironyard.dao.AccountDAOImpl.insert(AccountDAOImpl.java:64)
	at org.ssa.ironyard.service.BankAccountServicesImpl.insertAccount(BankAccountServicesImpl.java:40)
	at org.ssa.ironyard.BankAccountServicesImplTest.testDeleteAccount(BankAccountServicesImplTest.java:74)
</error>
  </testcase>
  <testcase name="testAccountInsert" classname="org.ssa.ironyard.BankAccountServicesImplTest" time="0.058">
    <error type="java.lang.RuntimeException:">java.lang.RuntimeException: null
	at org.ssa.ironyard.dao.AccountDAOImpl.insert(AccountDAOImpl.java:64)
	at org.ssa.ironyard.service.BankAccountServicesImpl.insertAccount(BankAccountServicesImpl.java:40)
	at org.ssa.ironyard.BankAccountServicesImplTest.testAccountInsert(BankAccountServicesImplTest.java:61)
</error>
  </testcase>
  <testcase name="testDeleteCustomer" classname="org.ssa.ironyard.BankAccountServicesImplTest" time="0.103">
    <error type="java.lang.RuntimeException:">java.lang.RuntimeException: null
	at org.ssa.ironyard.dao.AccountDAOImpl.insert(AccountDAOImpl.java:64)
	at org.ssa.ironyard.service.BankAccountServicesImpl.insertAccount(BankAccountServicesImpl.java:40)
	at org.ssa.ironyard.BankAccountServicesImplTest.testDeleteCustomer(BankAccountServicesImplTest.java:86)
</error>
  </testcase>
=======
  <testcase name="testUpdateAccount" classname="org.ssa.ironyard.BankAccountServicesImplTest" time="0.247"/>
  <testcase name="testUpdateCustomer" classname="org.ssa.ironyard.BankAccountServicesImplTest" time="0.092"/>
  <testcase name="testCustomerInsert" classname="org.ssa.ironyard.BankAccountServicesImplTest" time="0.034"/>
  <testcase name="testDeleteAccount" classname="org.ssa.ironyard.BankAccountServicesImplTest" time="0.253"/>
  <testcase name="testAccountInsert" classname="org.ssa.ironyard.BankAccountServicesImplTest" time="0.04"/>
  <testcase name="testDeleteCustomer" classname="org.ssa.ironyard.BankAccountServicesImplTest" time="0.208"/>
>>>>>>> dfc25fa45b49b92f9d009c4b5af6f3edce13344a
</testsuite>